<?xml version="1.0" encoding="UTF-8"?>
<!-- Generated by org.testng.reporters.JUnitReportReporter -->
<testsuite skipped="0" hostname="DESKTOP-UGBTFQ2" name="Facebook.Facebook.FB_Login_page" tests="1" failures="0" timestamp="18 Aug 2019 07:49:25 GMT" time="19.946" errors="0">
  <testcase name="log_in" time="19.946" classname="Facebook.Facebook.FB_Login_page"/>
</testsuite> <!-- Facebook.Facebook.FB_Login_page -->
