<?xml version="1.0" encoding="UTF-8"?>
<!-- Generated by org.testng.reporters.JUnitReportReporter -->
<testsuite skipped="0" hostname="DESKTOP-UGBTFQ2" name="utility.Testutility" tests="1" failures="0" timestamp="11 Jun 2019 02:31:21 GMT" time="4.231" errors="0">
  <testcase name="Sendemail" time="4.231" classname="utility.Testutility"/>
</testsuite> <!-- utility.Testutility -->
