<?xml version="1.0" encoding="UTF-8"?>
<!-- Generated by org.testng.reporters.JUnitReportReporter -->
<testsuite skipped="0" hostname="DESKTOP-UGBTFQ2" name="Facebook.Facebook.Home_Page_Navigation" tests="1" failures="0" timestamp="18 Aug 2019 07:49:25 GMT" time="27.842" errors="0">
  <testcase name="Home" time="27.842" classname="Facebook.Facebook.Home_Page_Navigation"/>
</testsuite> <!-- Facebook.Facebook.Home_Page_Navigation -->
